<?xml version="1.0" encoding="UTF-8"?>
<!-- Generated by org.testng.reporters.JUnitReportReporter -->
<testsuite hostname="EPPLKRAW0119" name="test.java.TestingTests" tests="1" failures="0" timestamp="3 Feb 2016 12:37:27 GMT" time="5.087" errors="0">
  <testcase name="testTheTest" time="5.087" classname="test.java.TestingTests"/>
</testsuite> <!-- test.java.TestingTests -->
